2022-03-21 09:40:48,035 INFO    Thread-230:4808 [wandb_setup.py:_flush():75] Loading settings from C:\Users\Ichsan\.config\wandb\settings
2022-03-21 09:40:48,036 INFO    Thread-230:4808 [wandb_setup.py:_flush():75] Loading settings from wandb\settings
2022-03-21 09:40:48,036 INFO    Thread-230:4808 [wandb_setup.py:_flush():75] Loading settings from environment variables: {'project': 'HAR_MP_LSTM_TugasAkhir_TestSweep1_Ichsan', 'entity': 'ichsanarsyi', 'root_dir': 'C:\\Users\\Ichsan\\tugasakhir', 'run_id': 'jrqpf610', 'sweep_param_path': 'C:\\Users\\Ichsan\\tugasakhir\\wandb\\sweep-p5bh8rh2\\config-jrqpf610.yaml', 'sweep_id': 'p5bh8rh2'}
2022-03-21 09:40:48,036 INFO    Thread-230:4808 [wandb_setup.py:_flush():75] Inferring run settings from compute environment: {'program': '<python with no main file>'}
2022-03-21 09:40:48,038 INFO    Thread-230:4808 [wandb_init.py:_log_setup():405] Logging user logs to C:\Users\Ichsan\tugasakhir\wandb\run-20220321_094048-jrqpf610\logs\debug.log
2022-03-21 09:40:48,038 INFO    Thread-230:4808 [wandb_init.py:_log_setup():406] Logging internal logs to C:\Users\Ichsan\tugasakhir\wandb\run-20220321_094048-jrqpf610\logs\debug-internal.log
2022-03-21 09:40:48,038 INFO    Thread-230:4808 [wandb_init.py:_jupyter_setup():355] configuring jupyter hooks <wandb.sdk.wandb_init._WandbInit object at 0x000002D0DDB25DC0>
2022-03-21 09:40:48,038 INFO    Thread-230:4808 [wandb_init.py:init():439] calling init triggers
2022-03-21 09:40:48,039 INFO    Thread-230:4808 [wandb_init.py:init():442] wandb.init called with sweep_config: {'batch_size': 4, 'dropout': 0.5, 'epochs': 200, 'learning_rate': 0.0001, 'recurrent_dropout': 0}
config: {'batch_size': 4, 'learning_rate': 0.0001, 'epochs': 200, 'dropout': 0, 'recurrent_dropout': 0}
2022-03-21 09:40:48,039 INFO    Thread-230:4808 [wandb_init.py:init():492] starting backend
2022-03-21 09:40:48,039 INFO    Thread-230:4808 [backend.py:_multiprocessing_setup():99] multiprocessing start_methods=spawn, using: spawn
2022-03-21 09:40:48,051 INFO    Thread-230:4808 [backend.py:ensure_launched():219] starting backend process...
2022-03-21 09:41:04,066 INFO    Thread-230:4808 [backend.py:ensure_launched():224] started backend process with pid: 2512
2022-03-21 09:41:04,067 INFO    Thread-230:4808 [wandb_init.py:init():501] backend started and connected
2022-03-21 09:41:04,125 INFO    Thread-230:4808 [wandb_run.py:_config_callback():992] config_cb None None {'batch_size': 4, 'dropout': 0.5, 'epochs': 200, 'learning_rate': 0.0001, 'recurrent_dropout': 0}
2022-03-21 09:41:04,128 INFO    Thread-230:4808 [wandb_run.py:_label_probe_notebook():947] probe notebook
2022-03-21 09:41:04,128 INFO    Thread-230:4808 [wandb_run.py:_label_probe_notebook():957] Unable to probe notebook: 'NoneType' object has no attribute 'get'
2022-03-21 09:41:04,128 INFO    Thread-230:4808 [wandb_init.py:init():565] updated telemetry
2022-03-21 09:41:04,132 INFO    Thread-230:4808 [wandb_init.py:init():596] communicating run to backend with 30 second timeout
2022-03-21 09:41:34,123 INFO    Thread-230:4808 [wandb_run.py:_on_init():1759] communicating current version
2022-03-21 09:41:34,849 INFO    Thread-230:4808 [wandb_run.py:_on_init():1763] got version response 
2022-03-21 09:41:34,849 INFO    Thread-230:4808 [wandb_init.py:init():625] starting run threads in backend
2022-03-21 09:41:39,888 INFO    Thread-230:4808 [wandb_run.py:_console_start():1733] atexit reg
2022-03-21 09:41:39,890 INFO    Thread-230:4808 [wandb_run.py:_redirect():1606] redirect: SettingsConsole.WRAP
2022-03-21 09:41:39,890 INFO    Thread-230:4808 [wandb_run.py:_redirect():1643] Wrapping output streams.
2022-03-21 09:41:39,894 INFO    Thread-230:4808 [wandb_run.py:_redirect():1667] Redirects installed.
2022-03-21 09:41:39,894 INFO    Thread-230:4808 [wandb_init.py:init():664] run started, returning control to user process
2022-03-21 09:45:36,370 ERROR   Thread-13 :4808 [retry.py:__call__():126] Retry attempt failed:
Traceback (most recent call last):
  File "C:\ProgramData\Anaconda3\lib\site-packages\urllib3\connection.py", line 174, in _new_conn
    conn = connection.create_connection(
  File "C:\ProgramData\Anaconda3\lib\site-packages\urllib3\util\connection.py", line 73, in create_connection
    for res in socket.getaddrinfo(host, port, family, socket.SOCK_STREAM):
  File "C:\ProgramData\Anaconda3\lib\socket.py", line 954, in getaddrinfo
    for res in _socket.getaddrinfo(host, port, family, type, proto, flags):
socket.gaierror: [Errno 11001] getaddrinfo failed

During handling of the above exception, another exception occurred:

Traceback (most recent call last):
  File "C:\ProgramData\Anaconda3\lib\site-packages\urllib3\connectionpool.py", line 699, in urlopen
    httplib_response = self._make_request(
  File "C:\ProgramData\Anaconda3\lib\site-packages\urllib3\connectionpool.py", line 382, in _make_request
    self._validate_conn(conn)
  File "C:\ProgramData\Anaconda3\lib\site-packages\urllib3\connectionpool.py", line 1010, in _validate_conn
    conn.connect()
  File "C:\ProgramData\Anaconda3\lib\site-packages\urllib3\connection.py", line 358, in connect
    conn = self._new_conn()
  File "C:\ProgramData\Anaconda3\lib\site-packages\urllib3\connection.py", line 186, in _new_conn
    raise NewConnectionError(
urllib3.exceptions.NewConnectionError: <urllib3.connection.HTTPSConnection object at 0x000002D0E000DD30>: Failed to establish a new connection: [Errno 11001] getaddrinfo failed

During handling of the above exception, another exception occurred:

Traceback (most recent call last):
  File "C:\ProgramData\Anaconda3\lib\site-packages\requests\adapters.py", line 439, in send
    resp = conn.urlopen(
  File "C:\ProgramData\Anaconda3\lib\site-packages\urllib3\connectionpool.py", line 755, in urlopen
    retries = retries.increment(
  File "C:\ProgramData\Anaconda3\lib\site-packages\urllib3\util\retry.py", line 574, in increment
    raise MaxRetryError(_pool, url, error or ResponseError(cause))
urllib3.exceptions.MaxRetryError: HTTPSConnectionPool(host='api.wandb.ai', port=443): Max retries exceeded with url: /graphql (Caused by NewConnectionError('<urllib3.connection.HTTPSConnection object at 0x000002D0E000DD30>: Failed to establish a new connection: [Errno 11001] getaddrinfo failed'))

During handling of the above exception, another exception occurred:

Traceback (most recent call last):
  File "C:\ProgramData\Anaconda3\lib\site-packages\wandb\sdk\lib\retry.py", line 102, in __call__
    result = self._call_fn(*args, **kwargs)
  File "C:\ProgramData\Anaconda3\lib\site-packages\wandb\sdk\internal\internal_api.py", line 140, in execute
    return self.client.execute(*args, **kwargs)
  File "C:\ProgramData\Anaconda3\lib\site-packages\wandb\vendor\gql-0.2.0\wandb_gql\client.py", line 52, in execute
    result = self._get_result(document, *args, **kwargs)
  File "C:\ProgramData\Anaconda3\lib\site-packages\wandb\vendor\gql-0.2.0\wandb_gql\client.py", line 60, in _get_result
    return self.transport.execute(document, *args, **kwargs)
  File "C:\ProgramData\Anaconda3\lib\site-packages\wandb\vendor\gql-0.2.0\wandb_gql\transport\requests.py", line 38, in execute
    request = requests.post(self.url, **post_args)
  File "C:\ProgramData\Anaconda3\lib\site-packages\requests\api.py", line 117, in post
    return request('post', url, data=data, json=json, **kwargs)
  File "C:\ProgramData\Anaconda3\lib\site-packages\requests\api.py", line 61, in request
    return session.request(method=method, url=url, **kwargs)
  File "C:\ProgramData\Anaconda3\lib\site-packages\requests\sessions.py", line 542, in request
    resp = self.send(prep, **send_kwargs)
  File "C:\ProgramData\Anaconda3\lib\site-packages\requests\sessions.py", line 655, in send
    r = adapter.send(request, **kwargs)
  File "C:\ProgramData\Anaconda3\lib\site-packages\requests\adapters.py", line 516, in send
    raise ConnectionError(e, request=request)
requests.exceptions.ConnectionError: HTTPSConnectionPool(host='api.wandb.ai', port=443): Max retries exceeded with url: /graphql (Caused by NewConnectionError('<urllib3.connection.HTTPSConnection object at 0x000002D0E000DD30>: Failed to establish a new connection: [Errno 11001] getaddrinfo failed'))
2022-03-21 09:54:44,060 INFO    Thread-230:4808 [wandb_run.py:finish():1539] finishing run ichsanarsyi/HAR_MP_LSTM_TugasAkhir_TestSweep1_Ichsan/jrqpf610
2022-03-21 09:54:44,061 INFO    Thread-230:4808 [jupyter.py:save_history():429] not saving jupyter history
2022-03-21 09:54:44,062 INFO    Thread-230:4808 [jupyter.py:save_ipynb():374] not saving jupyter notebook
2022-03-21 09:54:44,063 INFO    Thread-230:4808 [wandb_init.py:_jupyter_teardown():337] cleaning up jupyter logic
2022-03-21 09:54:44,063 INFO    Thread-230:4808 [wandb_run.py:_atexit_cleanup():1702] got exitcode: 0
2022-03-21 09:54:44,067 INFO    Thread-230:4808 [wandb_run.py:_restore():1674] restore
2022-03-21 09:54:44,260 INFO    Thread-230:4808 [wandb_run.py:_on_finish():1831] got exit ret: file_counts {
  wandb_count: 1
  other_count: 1
}
pusher_stats {
  uploaded_bytes: 2278133
  total_bytes: 2278133
}

2022-03-21 09:54:45,201 INFO    Thread-230:4808 [wandb_run.py:_on_finish():1831] got exit ret: file_counts {
  wandb_count: 1
  other_count: 1
}
pusher_stats {
  uploaded_bytes: 2278133
  total_bytes: 2278133
}

2022-03-21 09:54:45,458 INFO    Thread-230:4808 [wandb_run.py:_on_finish():1831] got exit ret: file_counts {
  wandb_count: 3
  other_count: 1
}
pusher_stats {
  uploaded_bytes: 2278133
  total_bytes: 2292724
}

2022-03-21 09:54:45,573 INFO    Thread-230:4808 [wandb_run.py:_on_finish():1831] got exit ret: file_counts {
  wandb_count: 6
  other_count: 1
}
pusher_stats {
  uploaded_bytes: 637
  total_bytes: 2339187
}

2022-03-21 09:54:45,693 INFO    Thread-230:4808 [wandb_run.py:_on_finish():1831] got exit ret: file_counts {
  wandb_count: 6
  other_count: 1
}
pusher_stats {
  uploaded_bytes: 637
  total_bytes: 2339187
}

2022-03-21 09:54:45,800 INFO    Thread-230:4808 [wandb_run.py:_on_finish():1831] got exit ret: file_counts {
  wandb_count: 6
  other_count: 1
}
pusher_stats {
  uploaded_bytes: 637
  total_bytes: 2339187
}

2022-03-21 09:54:45,922 INFO    Thread-230:4808 [wandb_run.py:_on_finish():1831] got exit ret: file_counts {
  wandb_count: 6
  other_count: 1
}
pusher_stats {
  uploaded_bytes: 637
  total_bytes: 2339187
}

2022-03-21 09:54:46,041 INFO    Thread-230:4808 [wandb_run.py:_on_finish():1831] got exit ret: file_counts {
  wandb_count: 6
  other_count: 1
}
pusher_stats {
  uploaded_bytes: 637
  total_bytes: 2339187
}

2022-03-21 09:54:46,152 INFO    Thread-230:4808 [wandb_run.py:_on_finish():1831] got exit ret: file_counts {
  wandb_count: 6
  other_count: 1
}
pusher_stats {
  uploaded_bytes: 637
  total_bytes: 2339187
}

2022-03-21 09:54:46,260 INFO    Thread-230:4808 [wandb_run.py:_on_finish():1831] got exit ret: file_counts {
  wandb_count: 6
  other_count: 1
}
pusher_stats {
  uploaded_bytes: 637
  total_bytes: 2339187
}

2022-03-21 09:54:46,368 INFO    Thread-230:4808 [wandb_run.py:_on_finish():1831] got exit ret: file_counts {
  wandb_count: 6
  other_count: 1
}
pusher_stats {
  uploaded_bytes: 47437
  total_bytes: 2339187
}

2022-03-21 09:54:46,477 INFO    Thread-230:4808 [wandb_run.py:_on_finish():1831] got exit ret: file_counts {
  wandb_count: 6
  other_count: 1
}
pusher_stats {
  uploaded_bytes: 47437
  total_bytes: 2339187
}

2022-03-21 09:54:46,585 INFO    Thread-230:4808 [wandb_run.py:_on_finish():1831] got exit ret: file_counts {
  wandb_count: 6
  other_count: 1
}
pusher_stats {
  uploaded_bytes: 61691
  total_bytes: 2339187
}

2022-03-21 09:54:46,691 INFO    Thread-230:4808 [wandb_run.py:_on_finish():1831] got exit ret: file_counts {
  wandb_count: 6
  other_count: 1
}
pusher_stats {
  uploaded_bytes: 61691
  total_bytes: 2339187
}

2022-03-21 09:54:46,797 INFO    Thread-230:4808 [wandb_run.py:_on_finish():1831] got exit ret: file_counts {
  wandb_count: 6
  other_count: 1
}
pusher_stats {
  uploaded_bytes: 61691
  total_bytes: 2339187
}

2022-03-21 09:54:46,906 INFO    Thread-230:4808 [wandb_run.py:_on_finish():1831] got exit ret: file_counts {
  wandb_count: 6
  other_count: 1
}
pusher_stats {
  uploaded_bytes: 61691
  total_bytes: 2339187
}

2022-03-21 09:54:47,080 INFO    Thread-230:4808 [wandb_run.py:_on_finish():1831] got exit ret: file_counts {
  wandb_count: 6
  other_count: 1
}
pusher_stats {
  uploaded_bytes: 61691
  total_bytes: 2339187
}

2022-03-21 09:54:47,184 INFO    Thread-230:4808 [wandb_run.py:_on_finish():1831] got exit ret: file_counts {
  wandb_count: 6
  other_count: 1
}
pusher_stats {
  uploaded_bytes: 135419
  total_bytes: 2339187
}

2022-03-21 09:54:47,292 INFO    Thread-230:4808 [wandb_run.py:_on_finish():1831] got exit ret: file_counts {
  wandb_count: 6
  other_count: 1
}
pusher_stats {
  uploaded_bytes: 143611
  total_bytes: 2339187
}

2022-03-21 09:54:47,403 INFO    Thread-230:4808 [wandb_run.py:_on_finish():1831] got exit ret: file_counts {
  wandb_count: 6
  other_count: 1
}
pusher_stats {
  uploaded_bytes: 159995
  total_bytes: 2339187
}

2022-03-21 09:54:47,510 INFO    Thread-230:4808 [wandb_run.py:_on_finish():1831] got exit ret: file_counts {
  wandb_count: 6
  other_count: 1
}
pusher_stats {
  uploaded_bytes: 168187
  total_bytes: 2339187
}

2022-03-21 09:54:47,616 INFO    Thread-230:4808 [wandb_run.py:_on_finish():1831] got exit ret: file_counts {
  wandb_count: 6
  other_count: 1
}
pusher_stats {
  uploaded_bytes: 184571
  total_bytes: 2339187
}

2022-03-21 09:54:47,725 INFO    Thread-230:4808 [wandb_run.py:_on_finish():1831] got exit ret: file_counts {
  wandb_count: 6
  other_count: 1
}
pusher_stats {
  uploaded_bytes: 192763
  total_bytes: 2339187
}

2022-03-21 09:54:47,833 INFO    Thread-230:4808 [wandb_run.py:_on_finish():1831] got exit ret: file_counts {
  wandb_count: 6
  other_count: 1
}
pusher_stats {
  uploaded_bytes: 200955
  total_bytes: 2339187
}

2022-03-21 09:54:47,940 INFO    Thread-230:4808 [wandb_run.py:_on_finish():1831] got exit ret: file_counts {
  wandb_count: 6
  other_count: 1
}
pusher_stats {
  uploaded_bytes: 217339
  total_bytes: 2339187
}

2022-03-21 09:54:48,047 INFO    Thread-230:4808 [wandb_run.py:_on_finish():1831] got exit ret: file_counts {
  wandb_count: 6
  other_count: 1
}
pusher_stats {
  uploaded_bytes: 225531
  total_bytes: 2339187
}

2022-03-21 09:54:48,156 INFO    Thread-230:4808 [wandb_run.py:_on_finish():1831] got exit ret: file_counts {
  wandb_count: 6
  other_count: 1
}
pusher_stats {
  uploaded_bytes: 241915
  total_bytes: 2339187
}

2022-03-21 09:54:48,264 INFO    Thread-230:4808 [wandb_run.py:_on_finish():1831] got exit ret: file_counts {
  wandb_count: 6
  other_count: 1
}
pusher_stats {
  uploaded_bytes: 250107
  total_bytes: 2339187
}

2022-03-21 09:54:48,374 INFO    Thread-230:4808 [wandb_run.py:_on_finish():1831] got exit ret: file_counts {
  wandb_count: 6
  other_count: 1
}
pusher_stats {
  uploaded_bytes: 266491
  total_bytes: 2339187
}

2022-03-21 09:54:48,482 INFO    Thread-230:4808 [wandb_run.py:_on_finish():1831] got exit ret: file_counts {
  wandb_count: 6
  other_count: 1
}
pusher_stats {
  uploaded_bytes: 274683
  total_bytes: 2339187
}

2022-03-21 09:54:48,591 INFO    Thread-230:4808 [wandb_run.py:_on_finish():1831] got exit ret: file_counts {
  wandb_count: 6
  other_count: 1
}
pusher_stats {
  uploaded_bytes: 291067
  total_bytes: 2339187
}

2022-03-21 09:54:48,700 INFO    Thread-230:4808 [wandb_run.py:_on_finish():1831] got exit ret: file_counts {
  wandb_count: 6
  other_count: 1
}
pusher_stats {
  uploaded_bytes: 307451
  total_bytes: 2339187
}

2022-03-21 09:54:48,807 INFO    Thread-230:4808 [wandb_run.py:_on_finish():1831] got exit ret: file_counts {
  wandb_count: 6
  other_count: 1
}
pusher_stats {
  uploaded_bytes: 323835
  total_bytes: 2339187
}

2022-03-21 09:54:48,915 INFO    Thread-230:4808 [wandb_run.py:_on_finish():1831] got exit ret: file_counts {
  wandb_count: 6
  other_count: 1
}
pusher_stats {
  uploaded_bytes: 332027
  total_bytes: 2339187
}

2022-03-21 09:54:49,024 INFO    Thread-230:4808 [wandb_run.py:_on_finish():1831] got exit ret: file_counts {
  wandb_count: 6
  other_count: 1
}
pusher_stats {
  uploaded_bytes: 340219
  total_bytes: 2339187
}

2022-03-21 09:54:49,131 INFO    Thread-230:4808 [wandb_run.py:_on_finish():1831] got exit ret: file_counts {
  wandb_count: 6
  other_count: 1
}
pusher_stats {
  uploaded_bytes: 356603
  total_bytes: 2339187
}

2022-03-21 09:54:49,238 INFO    Thread-230:4808 [wandb_run.py:_on_finish():1831] got exit ret: file_counts {
  wandb_count: 6
  other_count: 1
}
pusher_stats {
  uploaded_bytes: 372987
  total_bytes: 2339187
}

2022-03-21 09:54:49,349 INFO    Thread-230:4808 [wandb_run.py:_on_finish():1831] got exit ret: file_counts {
  wandb_count: 6
  other_count: 1
}
pusher_stats {
  uploaded_bytes: 381179
  total_bytes: 2339187
}

2022-03-21 09:54:49,455 INFO    Thread-230:4808 [wandb_run.py:_on_finish():1831] got exit ret: file_counts {
  wandb_count: 6
  other_count: 1
}
pusher_stats {
  uploaded_bytes: 397563
  total_bytes: 2339187
}

2022-03-21 09:54:49,562 INFO    Thread-230:4808 [wandb_run.py:_on_finish():1831] got exit ret: file_counts {
  wandb_count: 6
  other_count: 1
}
pusher_stats {
  uploaded_bytes: 413947
  total_bytes: 2339187
}

2022-03-21 09:54:49,670 INFO    Thread-230:4808 [wandb_run.py:_on_finish():1831] got exit ret: file_counts {
  wandb_count: 6
  other_count: 1
}
pusher_stats {
  uploaded_bytes: 422139
  total_bytes: 2339187
}

2022-03-21 09:54:49,780 INFO    Thread-230:4808 [wandb_run.py:_on_finish():1831] got exit ret: file_counts {
  wandb_count: 6
  other_count: 1
}
pusher_stats {
  uploaded_bytes: 495867
  total_bytes: 2339187
}

2022-03-21 09:54:49,889 INFO    Thread-230:4808 [wandb_run.py:_on_finish():1831] got exit ret: file_counts {
  wandb_count: 6
  other_count: 1
}
pusher_stats {
  uploaded_bytes: 504059
  total_bytes: 2339187
}

2022-03-21 09:54:49,995 INFO    Thread-230:4808 [wandb_run.py:_on_finish():1831] got exit ret: file_counts {
  wandb_count: 6
  other_count: 1
}
pusher_stats {
  uploaded_bytes: 520443
  total_bytes: 2339187
}

2022-03-21 09:54:50,103 INFO    Thread-230:4808 [wandb_run.py:_on_finish():1831] got exit ret: file_counts {
  wandb_count: 6
  other_count: 1
}
pusher_stats {
  uploaded_bytes: 528635
  total_bytes: 2339187
}

2022-03-21 09:54:50,212 INFO    Thread-230:4808 [wandb_run.py:_on_finish():1831] got exit ret: file_counts {
  wandb_count: 6
  other_count: 1
}
pusher_stats {
  uploaded_bytes: 536827
  total_bytes: 2339187
}

2022-03-21 09:54:50,320 INFO    Thread-230:4808 [wandb_run.py:_on_finish():1831] got exit ret: file_counts {
  wandb_count: 6
  other_count: 1
}
pusher_stats {
  uploaded_bytes: 561403
  total_bytes: 2339187
}

2022-03-21 09:54:50,429 INFO    Thread-230:4808 [wandb_run.py:_on_finish():1831] got exit ret: file_counts {
  wandb_count: 6
  other_count: 1
}
pusher_stats {
  uploaded_bytes: 577787
  total_bytes: 2339187
}

2022-03-21 09:54:50,536 INFO    Thread-230:4808 [wandb_run.py:_on_finish():1831] got exit ret: file_counts {
  wandb_count: 6
  other_count: 1
}
pusher_stats {
  uploaded_bytes: 594171
  total_bytes: 2339187
}

2022-03-21 09:54:50,643 INFO    Thread-230:4808 [wandb_run.py:_on_finish():1831] got exit ret: file_counts {
  wandb_count: 6
  other_count: 1
}
pusher_stats {
  uploaded_bytes: 602363
  total_bytes: 2339187
}

2022-03-21 09:54:50,752 INFO    Thread-230:4808 [wandb_run.py:_on_finish():1831] got exit ret: file_counts {
  wandb_count: 6
  other_count: 1
}
pusher_stats {
  uploaded_bytes: 618747
  total_bytes: 2339187
}

2022-03-21 09:54:50,858 INFO    Thread-230:4808 [wandb_run.py:_on_finish():1831] got exit ret: file_counts {
  wandb_count: 6
  other_count: 1
}
pusher_stats {
  uploaded_bytes: 635131
  total_bytes: 2339187
}

2022-03-21 09:54:50,966 INFO    Thread-230:4808 [wandb_run.py:_on_finish():1831] got exit ret: file_counts {
  wandb_count: 6
  other_count: 1
}
pusher_stats {
  uploaded_bytes: 643323
  total_bytes: 2339187
}

2022-03-21 09:54:51,075 INFO    Thread-230:4808 [wandb_run.py:_on_finish():1831] got exit ret: file_counts {
  wandb_count: 6
  other_count: 1
}
pusher_stats {
  uploaded_bytes: 659707
  total_bytes: 2339187
}

2022-03-21 09:54:51,196 INFO    Thread-230:4808 [wandb_run.py:_on_finish():1831] got exit ret: file_counts {
  wandb_count: 6
  other_count: 1
}
pusher_stats {
  uploaded_bytes: 676091
  total_bytes: 2339187
}

2022-03-21 09:54:51,304 INFO    Thread-230:4808 [wandb_run.py:_on_finish():1831] got exit ret: file_counts {
  wandb_count: 6
  other_count: 1
}
pusher_stats {
  uploaded_bytes: 684283
  total_bytes: 2339187
}

2022-03-21 09:54:51,413 INFO    Thread-230:4808 [wandb_run.py:_on_finish():1831] got exit ret: file_counts {
  wandb_count: 6
  other_count: 1
}
pusher_stats {
  uploaded_bytes: 700667
  total_bytes: 2339187
}

2022-03-21 09:54:51,521 INFO    Thread-230:4808 [wandb_run.py:_on_finish():1831] got exit ret: file_counts {
  wandb_count: 6
  other_count: 1
}
pusher_stats {
  uploaded_bytes: 708859
  total_bytes: 2339187
}

2022-03-21 09:54:51,629 INFO    Thread-230:4808 [wandb_run.py:_on_finish():1831] got exit ret: file_counts {
  wandb_count: 6
  other_count: 1
}
pusher_stats {
  uploaded_bytes: 708859
  total_bytes: 2339187
}

2022-03-21 09:54:51,737 INFO    Thread-230:4808 [wandb_run.py:_on_finish():1831] got exit ret: file_counts {
  wandb_count: 6
  other_count: 1
}
pusher_stats {
  uploaded_bytes: 708859
  total_bytes: 2339187
}

2022-03-21 09:54:51,844 INFO    Thread-230:4808 [wandb_run.py:_on_finish():1831] got exit ret: file_counts {
  wandb_count: 6
  other_count: 1
}
pusher_stats {
  uploaded_bytes: 708859
  total_bytes: 2339187
}

2022-03-21 09:54:51,952 INFO    Thread-230:4808 [wandb_run.py:_on_finish():1831] got exit ret: file_counts {
  wandb_count: 6
  other_count: 1
}
pusher_stats {
  uploaded_bytes: 708859
  total_bytes: 2339187
}

2022-03-21 09:54:52,061 INFO    Thread-230:4808 [wandb_run.py:_on_finish():1831] got exit ret: file_counts {
  wandb_count: 6
  other_count: 1
}
pusher_stats {
  uploaded_bytes: 708859
  total_bytes: 2339187
}

2022-03-21 09:54:52,168 INFO    Thread-230:4808 [wandb_run.py:_on_finish():1831] got exit ret: file_counts {
  wandb_count: 6
  other_count: 1
}
pusher_stats {
  uploaded_bytes: 708859
  total_bytes: 2339187
}

2022-03-21 09:54:52,275 INFO    Thread-230:4808 [wandb_run.py:_on_finish():1831] got exit ret: file_counts {
  wandb_count: 6
  other_count: 1
}
pusher_stats {
  uploaded_bytes: 782587
  total_bytes: 2339187
}

2022-03-21 09:54:52,386 INFO    Thread-230:4808 [wandb_run.py:_on_finish():1831] got exit ret: file_counts {
  wandb_count: 6
  other_count: 1
}
pusher_stats {
  uploaded_bytes: 823547
  total_bytes: 2339187
}

2022-03-21 09:54:52,493 INFO    Thread-230:4808 [wandb_run.py:_on_finish():1831] got exit ret: file_counts {
  wandb_count: 6
  other_count: 1
}
pusher_stats {
  uploaded_bytes: 831739
  total_bytes: 2339187
}

2022-03-21 09:54:52,600 INFO    Thread-230:4808 [wandb_run.py:_on_finish():1831] got exit ret: file_counts {
  wandb_count: 6
  other_count: 1
}
pusher_stats {
  uploaded_bytes: 839931
  total_bytes: 2339187
}

2022-03-21 09:54:52,708 INFO    Thread-230:4808 [wandb_run.py:_on_finish():1831] got exit ret: file_counts {
  wandb_count: 6
  other_count: 1
}
pusher_stats {
  uploaded_bytes: 856315
  total_bytes: 2339187
}

2022-03-21 09:54:52,823 INFO    Thread-230:4808 [wandb_run.py:_on_finish():1831] got exit ret: file_counts {
  wandb_count: 6
  other_count: 1
}
pusher_stats {
  uploaded_bytes: 872699
  total_bytes: 2339187
}

2022-03-21 09:54:52,940 INFO    Thread-230:4808 [wandb_run.py:_on_finish():1831] got exit ret: file_counts {
  wandb_count: 6
  other_count: 1
}
pusher_stats {
  uploaded_bytes: 880891
  total_bytes: 2339187
}

2022-03-21 09:54:53,050 INFO    Thread-230:4808 [wandb_run.py:_on_finish():1831] got exit ret: file_counts {
  wandb_count: 6
  other_count: 1
}
pusher_stats {
  uploaded_bytes: 897275
  total_bytes: 2339187
}

2022-03-21 09:54:53,158 INFO    Thread-230:4808 [wandb_run.py:_on_finish():1831] got exit ret: file_counts {
  wandb_count: 6
  other_count: 1
}
pusher_stats {
  uploaded_bytes: 913659
  total_bytes: 2339187
}

2022-03-21 09:54:53,266 INFO    Thread-230:4808 [wandb_run.py:_on_finish():1831] got exit ret: file_counts {
  wandb_count: 6
  other_count: 1
}
pusher_stats {
  uploaded_bytes: 930043
  total_bytes: 2339187
}

2022-03-21 09:54:53,373 INFO    Thread-230:4808 [wandb_run.py:_on_finish():1831] got exit ret: file_counts {
  wandb_count: 6
  other_count: 1
}
pusher_stats {
  uploaded_bytes: 938235
  total_bytes: 2339187
}

2022-03-21 09:54:53,483 INFO    Thread-230:4808 [wandb_run.py:_on_finish():1831] got exit ret: file_counts {
  wandb_count: 6
  other_count: 1
}
pusher_stats {
  uploaded_bytes: 954619
  total_bytes: 2339187
}

2022-03-21 09:54:53,591 INFO    Thread-230:4808 [wandb_run.py:_on_finish():1831] got exit ret: file_counts {
  wandb_count: 6
  other_count: 1
}
pusher_stats {
  uploaded_bytes: 962811
  total_bytes: 2339187
}

2022-03-21 09:54:53,698 INFO    Thread-230:4808 [wandb_run.py:_on_finish():1831] got exit ret: file_counts {
  wandb_count: 6
  other_count: 1
}
pusher_stats {
  uploaded_bytes: 971003
  total_bytes: 2339187
}

2022-03-21 09:54:53,806 INFO    Thread-230:4808 [wandb_run.py:_on_finish():1831] got exit ret: file_counts {
  wandb_count: 6
  other_count: 1
}
pusher_stats {
  uploaded_bytes: 987387
  total_bytes: 2339187
}

2022-03-21 09:54:53,911 INFO    Thread-230:4808 [wandb_run.py:_on_finish():1831] got exit ret: file_counts {
  wandb_count: 6
  other_count: 1
}
pusher_stats {
  uploaded_bytes: 995579
  total_bytes: 2339187
}

2022-03-21 09:54:54,021 INFO    Thread-230:4808 [wandb_run.py:_on_finish():1831] got exit ret: file_counts {
  wandb_count: 6
  other_count: 1
}
pusher_stats {
  uploaded_bytes: 1003771
  total_bytes: 2339187
}

2022-03-21 09:54:54,129 INFO    Thread-230:4808 [wandb_run.py:_on_finish():1831] got exit ret: file_counts {
  wandb_count: 6
  other_count: 1
}
pusher_stats {
  uploaded_bytes: 1003771
  total_bytes: 2339187
}

2022-03-21 09:54:54,237 INFO    Thread-230:4808 [wandb_run.py:_on_finish():1831] got exit ret: file_counts {
  wandb_count: 6
  other_count: 1
}
pusher_stats {
  uploaded_bytes: 1003771
  total_bytes: 2339187
}

2022-03-21 09:54:54,345 INFO    Thread-230:4808 [wandb_run.py:_on_finish():1831] got exit ret: file_counts {
  wandb_count: 6
  other_count: 1
}
pusher_stats {
  uploaded_bytes: 1003771
  total_bytes: 2339187
}

2022-03-21 09:54:54,453 INFO    Thread-230:4808 [wandb_run.py:_on_finish():1831] got exit ret: file_counts {
  wandb_count: 6
  other_count: 1
}
pusher_stats {
  uploaded_bytes: 1003771
  total_bytes: 2339187
}

2022-03-21 09:54:54,561 INFO    Thread-230:4808 [wandb_run.py:_on_finish():1831] got exit ret: file_counts {
  wandb_count: 6
  other_count: 1
}
pusher_stats {
  uploaded_bytes: 1003771
  total_bytes: 2339187
}

2022-03-21 09:54:54,671 INFO    Thread-230:4808 [wandb_run.py:_on_finish():1831] got exit ret: file_counts {
  wandb_count: 6
  other_count: 1
}
pusher_stats {
  uploaded_bytes: 1003771
  total_bytes: 2339187
}

2022-03-21 09:54:54,777 INFO    Thread-230:4808 [wandb_run.py:_on_finish():1831] got exit ret: file_counts {
  wandb_count: 6
  other_count: 1
}
pusher_stats {
  uploaded_bytes: 1003771
  total_bytes: 2339187
}

2022-03-21 09:54:54,885 INFO    Thread-230:4808 [wandb_run.py:_on_finish():1831] got exit ret: file_counts {
  wandb_count: 6
  other_count: 1
}
pusher_stats {
  uploaded_bytes: 1011963
  total_bytes: 2339187
}

2022-03-21 09:54:54,993 INFO    Thread-230:4808 [wandb_run.py:_on_finish():1831] got exit ret: file_counts {
  wandb_count: 6
  other_count: 1
}
pusher_stats {
  uploaded_bytes: 1036539
  total_bytes: 2339187
}

2022-03-21 09:54:55,101 INFO    Thread-230:4808 [wandb_run.py:_on_finish():1831] got exit ret: file_counts {
  wandb_count: 6
  other_count: 1
}
pusher_stats {
  uploaded_bytes: 1061115
  total_bytes: 2339187
}

2022-03-21 09:54:55,210 INFO    Thread-230:4808 [wandb_run.py:_on_finish():1831] got exit ret: file_counts {
  wandb_count: 6
  other_count: 1
}
pusher_stats {
  uploaded_bytes: 1069307
  total_bytes: 2339187
}

2022-03-21 09:54:55,317 INFO    Thread-230:4808 [wandb_run.py:_on_finish():1831] got exit ret: file_counts {
  wandb_count: 6
  other_count: 1
}
pusher_stats {
  uploaded_bytes: 1069307
  total_bytes: 2339187
}

2022-03-21 09:54:55,426 INFO    Thread-230:4808 [wandb_run.py:_on_finish():1831] got exit ret: file_counts {
  wandb_count: 6
  other_count: 1
}
pusher_stats {
  uploaded_bytes: 1118459
  total_bytes: 2339187
}

2022-03-21 09:54:55,535 INFO    Thread-230:4808 [wandb_run.py:_on_finish():1831] got exit ret: file_counts {
  wandb_count: 6
  other_count: 1
}
pusher_stats {
  uploaded_bytes: 1118459
  total_bytes: 2339187
}

2022-03-21 09:54:55,643 INFO    Thread-230:4808 [wandb_run.py:_on_finish():1831] got exit ret: file_counts {
  wandb_count: 6
  other_count: 1
}
pusher_stats {
  uploaded_bytes: 1118459
  total_bytes: 2339187
}

2022-03-21 09:54:55,750 INFO    Thread-230:4808 [wandb_run.py:_on_finish():1831] got exit ret: file_counts {
  wandb_count: 6
  other_count: 1
}
pusher_stats {
  uploaded_bytes: 1118459
  total_bytes: 2339187
}

2022-03-21 09:54:55,858 INFO    Thread-230:4808 [wandb_run.py:_on_finish():1831] got exit ret: file_counts {
  wandb_count: 6
  other_count: 1
}
pusher_stats {
  uploaded_bytes: 1118459
  total_bytes: 2339187
}

2022-03-21 09:54:55,966 INFO    Thread-230:4808 [wandb_run.py:_on_finish():1831] got exit ret: file_counts {
  wandb_count: 6
  other_count: 1
}
pusher_stats {
  uploaded_bytes: 1118459
  total_bytes: 2339187
}

2022-03-21 09:54:56,079 INFO    Thread-230:4808 [wandb_run.py:_on_finish():1831] got exit ret: file_counts {
  wandb_count: 6
  other_count: 1
}
pusher_stats {
  uploaded_bytes: 1118459
  total_bytes: 2339187
}

2022-03-21 09:54:56,182 INFO    Thread-230:4808 [wandb_run.py:_on_finish():1831] got exit ret: file_counts {
  wandb_count: 6
  other_count: 1
}
pusher_stats {
  uploaded_bytes: 1126651
  total_bytes: 2339187
}

2022-03-21 09:54:56,290 INFO    Thread-230:4808 [wandb_run.py:_on_finish():1831] got exit ret: file_counts {
  wandb_count: 6
  other_count: 1
}
pusher_stats {
  uploaded_bytes: 1192187
  total_bytes: 2339187
}

2022-03-21 09:54:56,399 INFO    Thread-230:4808 [wandb_run.py:_on_finish():1831] got exit ret: file_counts {
  wandb_count: 6
  other_count: 1
}
pusher_stats {
  uploaded_bytes: 1200379
  total_bytes: 2339187
}

2022-03-21 09:54:56,506 INFO    Thread-230:4808 [wandb_run.py:_on_finish():1831] got exit ret: file_counts {
  wandb_count: 6
  other_count: 1
}
pusher_stats {
  uploaded_bytes: 1208571
  total_bytes: 2339187
}

2022-03-21 09:54:56,614 INFO    Thread-230:4808 [wandb_run.py:_on_finish():1831] got exit ret: file_counts {
  wandb_count: 6
  other_count: 1
}
pusher_stats {
  uploaded_bytes: 1224955
  total_bytes: 2339187
}

2022-03-21 09:54:56,723 INFO    Thread-230:4808 [wandb_run.py:_on_finish():1831] got exit ret: file_counts {
  wandb_count: 6
  other_count: 1
}
pusher_stats {
  uploaded_bytes: 1233147
  total_bytes: 2339187
}

2022-03-21 09:54:56,832 INFO    Thread-230:4808 [wandb_run.py:_on_finish():1831] got exit ret: file_counts {
  wandb_count: 6
  other_count: 1
}
pusher_stats {
  uploaded_bytes: 1241339
  total_bytes: 2339187
}

2022-03-21 09:54:56,939 INFO    Thread-230:4808 [wandb_run.py:_on_finish():1831] got exit ret: file_counts {
  wandb_count: 6
  other_count: 1
}
pusher_stats {
  uploaded_bytes: 1249531
  total_bytes: 2339187
}

2022-03-21 09:54:57,047 INFO    Thread-230:4808 [wandb_run.py:_on_finish():1831] got exit ret: file_counts {
  wandb_count: 6
  other_count: 1
}
pusher_stats {
  uploaded_bytes: 1257723
  total_bytes: 2339187
}

2022-03-21 09:54:57,155 INFO    Thread-230:4808 [wandb_run.py:_on_finish():1831] got exit ret: file_counts {
  wandb_count: 6
  other_count: 1
}
pusher_stats {
  uploaded_bytes: 1265915
  total_bytes: 2339187
}

2022-03-21 09:54:57,265 INFO    Thread-230:4808 [wandb_run.py:_on_finish():1831] got exit ret: file_counts {
  wandb_count: 6
  other_count: 1
}
pusher_stats {
  uploaded_bytes: 1282299
  total_bytes: 2339187
}

2022-03-21 09:54:57,373 INFO    Thread-230:4808 [wandb_run.py:_on_finish():1831] got exit ret: file_counts {
  wandb_count: 6
  other_count: 1
}
pusher_stats {
  uploaded_bytes: 1282299
  total_bytes: 2339187
}

2022-03-21 09:54:57,481 INFO    Thread-230:4808 [wandb_run.py:_on_finish():1831] got exit ret: file_counts {
  wandb_count: 6
  other_count: 1
}
pusher_stats {
  uploaded_bytes: 1290491
  total_bytes: 2339187
}

2022-03-21 09:54:57,590 INFO    Thread-230:4808 [wandb_run.py:_on_finish():1831] got exit ret: file_counts {
  wandb_count: 6
  other_count: 1
}
pusher_stats {
  uploaded_bytes: 1298683
  total_bytes: 2339187
}

2022-03-21 09:54:57,697 INFO    Thread-230:4808 [wandb_run.py:_on_finish():1831] got exit ret: file_counts {
  wandb_count: 6
  other_count: 1
}
pusher_stats {
  uploaded_bytes: 1315067
  total_bytes: 2339187
}

2022-03-21 09:54:57,807 INFO    Thread-230:4808 [wandb_run.py:_on_finish():1831] got exit ret: file_counts {
  wandb_count: 6
  other_count: 1
}
pusher_stats {
  uploaded_bytes: 1323259
  total_bytes: 2339187
}

2022-03-21 09:54:57,915 INFO    Thread-230:4808 [wandb_run.py:_on_finish():1831] got exit ret: file_counts {
  wandb_count: 6
  other_count: 1
}
pusher_stats {
  uploaded_bytes: 1331451
  total_bytes: 2339187
}

2022-03-21 09:54:58,024 INFO    Thread-230:4808 [wandb_run.py:_on_finish():1831] got exit ret: file_counts {
  wandb_count: 6
  other_count: 1
}
pusher_stats {
  uploaded_bytes: 1339643
  total_bytes: 2339187
}

2022-03-21 09:54:58,137 INFO    Thread-230:4808 [wandb_run.py:_on_finish():1831] got exit ret: file_counts {
  wandb_count: 6
  other_count: 1
}
pusher_stats {
  uploaded_bytes: 1347835
  total_bytes: 2339187
}

2022-03-21 09:54:58,244 INFO    Thread-230:4808 [wandb_run.py:_on_finish():1831] got exit ret: file_counts {
  wandb_count: 6
  other_count: 1
}
pusher_stats {
  uploaded_bytes: 1356027
  total_bytes: 2339187
}

2022-03-21 09:54:58,352 INFO    Thread-230:4808 [wandb_run.py:_on_finish():1831] got exit ret: file_counts {
  wandb_count: 6
  other_count: 1
}
pusher_stats {
  uploaded_bytes: 1364219
  total_bytes: 2339187
}

2022-03-21 09:54:58,460 INFO    Thread-230:4808 [wandb_run.py:_on_finish():1831] got exit ret: file_counts {
  wandb_count: 6
  other_count: 1
}
pusher_stats {
  uploaded_bytes: 1364219
  total_bytes: 2339187
}

2022-03-21 09:54:58,569 INFO    Thread-230:4808 [wandb_run.py:_on_finish():1831] got exit ret: file_counts {
  wandb_count: 6
  other_count: 1
}
pusher_stats {
  uploaded_bytes: 1372411
  total_bytes: 2339187
}

2022-03-21 09:54:58,676 INFO    Thread-230:4808 [wandb_run.py:_on_finish():1831] got exit ret: file_counts {
  wandb_count: 6
  other_count: 1
}
pusher_stats {
  uploaded_bytes: 1380603
  total_bytes: 2339187
}

2022-03-21 09:54:58,782 INFO    Thread-230:4808 [wandb_run.py:_on_finish():1831] got exit ret: file_counts {
  wandb_count: 6
  other_count: 1
}
pusher_stats {
  uploaded_bytes: 1380603
  total_bytes: 2339187
}

2022-03-21 09:54:58,891 INFO    Thread-230:4808 [wandb_run.py:_on_finish():1831] got exit ret: file_counts {
  wandb_count: 6
  other_count: 1
}
pusher_stats {
  uploaded_bytes: 1380603
  total_bytes: 2339187
}

2022-03-21 09:54:59,000 INFO    Thread-230:4808 [wandb_run.py:_on_finish():1831] got exit ret: file_counts {
  wandb_count: 6
  other_count: 1
}
pusher_stats {
  uploaded_bytes: 1380603
  total_bytes: 2339187
}

2022-03-21 09:54:59,108 INFO    Thread-230:4808 [wandb_run.py:_on_finish():1831] got exit ret: file_counts {
  wandb_count: 6
  other_count: 1
}
pusher_stats {
  uploaded_bytes: 1380603
  total_bytes: 2339187
}

2022-03-21 09:54:59,215 INFO    Thread-230:4808 [wandb_run.py:_on_finish():1831] got exit ret: file_counts {
  wandb_count: 6
  other_count: 1
}
pusher_stats {
  uploaded_bytes: 1380603
  total_bytes: 2339187
}

2022-03-21 09:54:59,323 INFO    Thread-230:4808 [wandb_run.py:_on_finish():1831] got exit ret: file_counts {
  wandb_count: 6
  other_count: 1
}
pusher_stats {
  uploaded_bytes: 1380603
  total_bytes: 2339187
}

2022-03-21 09:54:59,433 INFO    Thread-230:4808 [wandb_run.py:_on_finish():1831] got exit ret: file_counts {
  wandb_count: 6
  other_count: 1
}
pusher_stats {
  uploaded_bytes: 1446139
  total_bytes: 2339187
}

2022-03-21 09:54:59,539 INFO    Thread-230:4808 [wandb_run.py:_on_finish():1831] got exit ret: file_counts {
  wandb_count: 6
  other_count: 1
}
pusher_stats {
  uploaded_bytes: 1454331
  total_bytes: 2339187
}

2022-03-21 09:54:59,648 INFO    Thread-230:4808 [wandb_run.py:_on_finish():1831] got exit ret: file_counts {
  wandb_count: 6
  other_count: 1
}
pusher_stats {
  uploaded_bytes: 1462523
  total_bytes: 2339187
}

2022-03-21 09:54:59,756 INFO    Thread-230:4808 [wandb_run.py:_on_finish():1831] got exit ret: file_counts {
  wandb_count: 6
  other_count: 1
}
pusher_stats {
  uploaded_bytes: 1470715
  total_bytes: 2339187
}

2022-03-21 09:54:59,865 INFO    Thread-230:4808 [wandb_run.py:_on_finish():1831] got exit ret: file_counts {
  wandb_count: 6
  other_count: 1
}
pusher_stats {
  uploaded_bytes: 1478907
  total_bytes: 2339187
}

2022-03-21 09:54:59,977 INFO    Thread-230:4808 [wandb_run.py:_on_finish():1831] got exit ret: file_counts {
  wandb_count: 6
  other_count: 1
}
pusher_stats {
  uploaded_bytes: 1487099
  total_bytes: 2339187
}

2022-03-21 09:55:00,110 INFO    Thread-230:4808 [wandb_run.py:_on_finish():1831] got exit ret: file_counts {
  wandb_count: 6
  other_count: 1
}
pusher_stats {
  uploaded_bytes: 1495291
  total_bytes: 2339187
}

2022-03-21 09:55:00,243 INFO    Thread-230:4808 [wandb_run.py:_on_finish():1831] got exit ret: file_counts {
  wandb_count: 6
  other_count: 1
}
pusher_stats {
  uploaded_bytes: 1511675
  total_bytes: 2339187
}

2022-03-21 09:55:00,367 INFO    Thread-230:4808 [wandb_run.py:_on_finish():1831] got exit ret: file_counts {
  wandb_count: 6
  other_count: 1
}
pusher_stats {
  uploaded_bytes: 1519867
  total_bytes: 2339187
}

2022-03-21 09:55:00,485 INFO    Thread-230:4808 [wandb_run.py:_on_finish():1831] got exit ret: file_counts {
  wandb_count: 6
  other_count: 1
}
pusher_stats {
  uploaded_bytes: 1528059
  total_bytes: 2339187
}

2022-03-21 09:55:00,608 INFO    Thread-230:4808 [wandb_run.py:_on_finish():1831] got exit ret: file_counts {
  wandb_count: 6
  other_count: 1
}
pusher_stats {
  uploaded_bytes: 1544443
  total_bytes: 2339187
}

2022-03-21 09:55:00,717 INFO    Thread-230:4808 [wandb_run.py:_on_finish():1831] got exit ret: file_counts {
  wandb_count: 6
  other_count: 1
}
pusher_stats {
  uploaded_bytes: 1552635
  total_bytes: 2339187
}

2022-03-21 09:55:00,824 INFO    Thread-230:4808 [wandb_run.py:_on_finish():1831] got exit ret: file_counts {
  wandb_count: 6
  other_count: 1
}
pusher_stats {
  uploaded_bytes: 1560827
  total_bytes: 2339187
}

2022-03-21 09:55:00,932 INFO    Thread-230:4808 [wandb_run.py:_on_finish():1831] got exit ret: file_counts {
  wandb_count: 6
  other_count: 1
}
pusher_stats {
  uploaded_bytes: 1569019
  total_bytes: 2339187
}

2022-03-21 09:55:01,043 INFO    Thread-230:4808 [wandb_run.py:_on_finish():1831] got exit ret: file_counts {
  wandb_count: 6
  other_count: 1
}
pusher_stats {
  uploaded_bytes: 1577211
  total_bytes: 2339187
}

2022-03-21 09:55:01,161 INFO    Thread-230:4808 [wandb_run.py:_on_finish():1831] got exit ret: file_counts {
  wandb_count: 6
  other_count: 1
}
pusher_stats {
  uploaded_bytes: 1577211
  total_bytes: 2339187
}

2022-03-21 09:55:01,270 INFO    Thread-230:4808 [wandb_run.py:_on_finish():1831] got exit ret: file_counts {
  wandb_count: 6
  other_count: 1
}
pusher_stats {
  uploaded_bytes: 1585403
  total_bytes: 2339187
}

2022-03-21 09:55:01,377 INFO    Thread-230:4808 [wandb_run.py:_on_finish():1831] got exit ret: file_counts {
  wandb_count: 6
  other_count: 1
}
pusher_stats {
  uploaded_bytes: 1593595
  total_bytes: 2339187
}

2022-03-21 09:55:01,485 INFO    Thread-230:4808 [wandb_run.py:_on_finish():1831] got exit ret: file_counts {
  wandb_count: 6
  other_count: 1
}
pusher_stats {
  uploaded_bytes: 1593595
  total_bytes: 2339187
}

2022-03-21 09:55:01,596 INFO    Thread-230:4808 [wandb_run.py:_on_finish():1831] got exit ret: file_counts {
  wandb_count: 6
  other_count: 1
}
pusher_stats {
  uploaded_bytes: 1601787
  total_bytes: 2339187
}

2022-03-21 09:55:01,715 INFO    Thread-230:4808 [wandb_run.py:_on_finish():1831] got exit ret: file_counts {
  wandb_count: 6
  other_count: 1
}
pusher_stats {
  uploaded_bytes: 1618171
  total_bytes: 2339187
}

2022-03-21 09:55:01,824 INFO    Thread-230:4808 [wandb_run.py:_on_finish():1831] got exit ret: file_counts {
  wandb_count: 6
  other_count: 1
}
pusher_stats {
  uploaded_bytes: 1626363
  total_bytes: 2339187
}

2022-03-21 09:55:01,930 INFO    Thread-230:4808 [wandb_run.py:_on_finish():1831] got exit ret: file_counts {
  wandb_count: 6
  other_count: 1
}
pusher_stats {
  uploaded_bytes: 1634555
  total_bytes: 2339187
}

2022-03-21 09:55:02,038 INFO    Thread-230:4808 [wandb_run.py:_on_finish():1831] got exit ret: file_counts {
  wandb_count: 6
  other_count: 1
}
pusher_stats {
  uploaded_bytes: 1650939
  total_bytes: 2339187
}

2022-03-21 09:55:02,147 INFO    Thread-230:4808 [wandb_run.py:_on_finish():1831] got exit ret: file_counts {
  wandb_count: 6
  other_count: 1
}
pusher_stats {
  uploaded_bytes: 1659131
  total_bytes: 2339187
}

2022-03-21 09:55:02,268 INFO    Thread-230:4808 [wandb_run.py:_on_finish():1831] got exit ret: file_counts {
  wandb_count: 6
  other_count: 1
}
pusher_stats {
  uploaded_bytes: 1667323
  total_bytes: 2339187
}

2022-03-21 09:55:02,376 INFO    Thread-230:4808 [wandb_run.py:_on_finish():1831] got exit ret: file_counts {
  wandb_count: 6
  other_count: 1
}
pusher_stats {
  uploaded_bytes: 1675515
  total_bytes: 2339187
}

2022-03-21 09:55:02,484 INFO    Thread-230:4808 [wandb_run.py:_on_finish():1831] got exit ret: file_counts {
  wandb_count: 6
  other_count: 1
}
pusher_stats {
  uploaded_bytes: 1683707
  total_bytes: 2339187
}

2022-03-21 09:55:02,593 INFO    Thread-230:4808 [wandb_run.py:_on_finish():1831] got exit ret: file_counts {
  wandb_count: 6
  other_count: 1
}
pusher_stats {
  uploaded_bytes: 1691899
  total_bytes: 2339187
}

2022-03-21 09:55:02,700 INFO    Thread-230:4808 [wandb_run.py:_on_finish():1831] got exit ret: file_counts {
  wandb_count: 6
  other_count: 1
}
pusher_stats {
  uploaded_bytes: 1700091
  total_bytes: 2339187
}

2022-03-21 09:55:02,808 INFO    Thread-230:4808 [wandb_run.py:_on_finish():1831] got exit ret: file_counts {
  wandb_count: 6
  other_count: 1
}
pusher_stats {
  uploaded_bytes: 1708283
  total_bytes: 2339187
}

2022-03-21 09:55:02,917 INFO    Thread-230:4808 [wandb_run.py:_on_finish():1831] got exit ret: file_counts {
  wandb_count: 6
  other_count: 1
}
pusher_stats {
  uploaded_bytes: 1724667
  total_bytes: 2339187
}

2022-03-21 09:55:03,024 INFO    Thread-230:4808 [wandb_run.py:_on_finish():1831] got exit ret: file_counts {
  wandb_count: 6
  other_count: 1
}
pusher_stats {
  uploaded_bytes: 1732859
  total_bytes: 2339187
}

2022-03-21 09:55:03,130 INFO    Thread-230:4808 [wandb_run.py:_on_finish():1831] got exit ret: file_counts {
  wandb_count: 6
  other_count: 1
}
pusher_stats {
  uploaded_bytes: 1741051
  total_bytes: 2339187
}

2022-03-21 09:55:03,239 INFO    Thread-230:4808 [wandb_run.py:_on_finish():1831] got exit ret: file_counts {
  wandb_count: 6
  other_count: 1
}
pusher_stats {
  uploaded_bytes: 1757435
  total_bytes: 2339187
}

2022-03-21 09:55:03,346 INFO    Thread-230:4808 [wandb_run.py:_on_finish():1831] got exit ret: file_counts {
  wandb_count: 6
  other_count: 1
}
pusher_stats {
  uploaded_bytes: 1765627
  total_bytes: 2339187
}

2022-03-21 09:55:03,454 INFO    Thread-230:4808 [wandb_run.py:_on_finish():1831] got exit ret: file_counts {
  wandb_count: 6
  other_count: 1
}
pusher_stats {
  uploaded_bytes: 1773819
  total_bytes: 2339187
}

2022-03-21 09:55:03,561 INFO    Thread-230:4808 [wandb_run.py:_on_finish():1831] got exit ret: file_counts {
  wandb_count: 6
  other_count: 1
}
pusher_stats {
  uploaded_bytes: 1773819
  total_bytes: 2339187
}

2022-03-21 09:55:03,670 INFO    Thread-230:4808 [wandb_run.py:_on_finish():1831] got exit ret: file_counts {
  wandb_count: 6
  other_count: 1
}
pusher_stats {
  uploaded_bytes: 1782011
  total_bytes: 2339187
}

2022-03-21 09:55:03,778 INFO    Thread-230:4808 [wandb_run.py:_on_finish():1831] got exit ret: file_counts {
  wandb_count: 6
  other_count: 1
}
pusher_stats {
  uploaded_bytes: 1790203
  total_bytes: 2339187
}

2022-03-21 09:55:03,886 INFO    Thread-230:4808 [wandb_run.py:_on_finish():1831] got exit ret: file_counts {
  wandb_count: 6
  other_count: 1
}
pusher_stats {
  uploaded_bytes: 1798395
  total_bytes: 2339187
}

2022-03-21 09:55:03,993 INFO    Thread-230:4808 [wandb_run.py:_on_finish():1831] got exit ret: file_counts {
  wandb_count: 6
  other_count: 1
}
pusher_stats {
  uploaded_bytes: 1814779
  total_bytes: 2339187
}

2022-03-21 09:55:04,102 INFO    Thread-230:4808 [wandb_run.py:_on_finish():1831] got exit ret: file_counts {
  wandb_count: 6
  other_count: 1
}
pusher_stats {
  uploaded_bytes: 1822971
  total_bytes: 2339187
}

2022-03-21 09:55:04,209 INFO    Thread-230:4808 [wandb_run.py:_on_finish():1831] got exit ret: file_counts {
  wandb_count: 6
  other_count: 1
}
pusher_stats {
  uploaded_bytes: 1831163
  total_bytes: 2339187
}

2022-03-21 09:55:04,317 INFO    Thread-230:4808 [wandb_run.py:_on_finish():1831] got exit ret: file_counts {
  wandb_count: 6
  other_count: 1
}
pusher_stats {
  uploaded_bytes: 1847547
  total_bytes: 2339187
}

2022-03-21 09:55:04,425 INFO    Thread-230:4808 [wandb_run.py:_on_finish():1831] got exit ret: file_counts {
  wandb_count: 6
  other_count: 1
}
pusher_stats {
  uploaded_bytes: 1855739
  total_bytes: 2339187
}

2022-03-21 09:55:04,536 INFO    Thread-230:4808 [wandb_run.py:_on_finish():1831] got exit ret: file_counts {
  wandb_count: 6
  other_count: 1
}
pusher_stats {
  uploaded_bytes: 1863931
  total_bytes: 2339187
}

2022-03-21 09:55:04,642 INFO    Thread-230:4808 [wandb_run.py:_on_finish():1831] got exit ret: file_counts {
  wandb_count: 6
  other_count: 1
}
pusher_stats {
  uploaded_bytes: 1872123
  total_bytes: 2339187
}

2022-03-21 09:55:04,749 INFO    Thread-230:4808 [wandb_run.py:_on_finish():1831] got exit ret: file_counts {
  wandb_count: 6
  other_count: 1
}
pusher_stats {
  uploaded_bytes: 1880315
  total_bytes: 2339187
}

2022-03-21 09:55:04,858 INFO    Thread-230:4808 [wandb_run.py:_on_finish():1831] got exit ret: file_counts {
  wandb_count: 6
  other_count: 1
}
pusher_stats {
  uploaded_bytes: 1888507
  total_bytes: 2339187
}

2022-03-21 09:55:04,966 INFO    Thread-230:4808 [wandb_run.py:_on_finish():1831] got exit ret: file_counts {
  wandb_count: 6
  other_count: 1
}
pusher_stats {
  uploaded_bytes: 1896699
  total_bytes: 2339187
}

2022-03-21 09:55:05,077 INFO    Thread-230:4808 [wandb_run.py:_on_finish():1831] got exit ret: file_counts {
  wandb_count: 6
  other_count: 1
}
pusher_stats {
  uploaded_bytes: 1904891
  total_bytes: 2339187
}

2022-03-21 09:55:05,199 INFO    Thread-230:4808 [wandb_run.py:_on_finish():1831] got exit ret: file_counts {
  wandb_count: 6
  other_count: 1
}
pusher_stats {
  uploaded_bytes: 1913083
  total_bytes: 2339187
}

2022-03-21 09:55:05,307 INFO    Thread-230:4808 [wandb_run.py:_on_finish():1831] got exit ret: file_counts {
  wandb_count: 6
  other_count: 1
}
pusher_stats {
  uploaded_bytes: 1921275
  total_bytes: 2339187
}

2022-03-21 09:55:05,415 INFO    Thread-230:4808 [wandb_run.py:_on_finish():1831] got exit ret: file_counts {
  wandb_count: 6
  other_count: 1
}
pusher_stats {
  uploaded_bytes: 1921275
  total_bytes: 2339187
}

2022-03-21 09:55:05,523 INFO    Thread-230:4808 [wandb_run.py:_on_finish():1831] got exit ret: file_counts {
  wandb_count: 6
  other_count: 1
}
pusher_stats {
  uploaded_bytes: 1921275
  total_bytes: 2339187
}

2022-03-21 09:55:05,632 INFO    Thread-230:4808 [wandb_run.py:_on_finish():1831] got exit ret: file_counts {
  wandb_count: 6
  other_count: 1
}
pusher_stats {
  uploaded_bytes: 1921275
  total_bytes: 2339187
}

2022-03-21 09:55:05,738 INFO    Thread-230:4808 [wandb_run.py:_on_finish():1831] got exit ret: file_counts {
  wandb_count: 6
  other_count: 1
}
pusher_stats {
  uploaded_bytes: 1921275
  total_bytes: 2339187
}

2022-03-21 09:55:05,847 INFO    Thread-230:4808 [wandb_run.py:_on_finish():1831] got exit ret: file_counts {
  wandb_count: 6
  other_count: 1
}
pusher_stats {
  uploaded_bytes: 1921275
  total_bytes: 2339187
}

2022-03-21 09:55:05,955 INFO    Thread-230:4808 [wandb_run.py:_on_finish():1831] got exit ret: file_counts {
  wandb_count: 6
  other_count: 1
}
pusher_stats {
  uploaded_bytes: 1921275
  total_bytes: 2339187
}

2022-03-21 09:55:06,063 INFO    Thread-230:4808 [wandb_run.py:_on_finish():1831] got exit ret: file_counts {
  wandb_count: 6
  other_count: 1
}
pusher_stats {
  uploaded_bytes: 1921275
  total_bytes: 2339187
}

2022-03-21 09:55:06,171 INFO    Thread-230:4808 [wandb_run.py:_on_finish():1831] got exit ret: file_counts {
  wandb_count: 6
  other_count: 1
}
pusher_stats {
  uploaded_bytes: 1921275
  total_bytes: 2339187
}

2022-03-21 09:55:06,277 INFO    Thread-230:4808 [wandb_run.py:_on_finish():1831] got exit ret: file_counts {
  wandb_count: 6
  other_count: 1
}
pusher_stats {
  uploaded_bytes: 1937659
  total_bytes: 2339187
}

2022-03-21 09:55:06,386 INFO    Thread-230:4808 [wandb_run.py:_on_finish():1831] got exit ret: file_counts {
  wandb_count: 6
  other_count: 1
}
pusher_stats {
  uploaded_bytes: 1954043
  total_bytes: 2339187
}

2022-03-21 09:55:06,493 INFO    Thread-230:4808 [wandb_run.py:_on_finish():1831] got exit ret: file_counts {
  wandb_count: 6
  other_count: 1
}
pusher_stats {
  uploaded_bytes: 1978619
  total_bytes: 2339187
}

2022-03-21 09:55:06,602 INFO    Thread-230:4808 [wandb_run.py:_on_finish():1831] got exit ret: file_counts {
  wandb_count: 6
  other_count: 1
}
pusher_stats {
  uploaded_bytes: 1978619
  total_bytes: 2339187
}

2022-03-21 09:55:06,710 INFO    Thread-230:4808 [wandb_run.py:_on_finish():1831] got exit ret: file_counts {
  wandb_count: 6
  other_count: 1
}
pusher_stats {
  uploaded_bytes: 1978619
  total_bytes: 2339187
}

2022-03-21 09:55:06,819 INFO    Thread-230:4808 [wandb_run.py:_on_finish():1831] got exit ret: file_counts {
  wandb_count: 6
  other_count: 1
}
pusher_stats {
  uploaded_bytes: 1978619
  total_bytes: 2339187
}

2022-03-21 09:55:06,927 INFO    Thread-230:4808 [wandb_run.py:_on_finish():1831] got exit ret: file_counts {
  wandb_count: 6
  other_count: 1
}
pusher_stats {
  uploaded_bytes: 1978619
  total_bytes: 2339187
}

2022-03-21 09:55:07,035 INFO    Thread-230:4808 [wandb_run.py:_on_finish():1831] got exit ret: file_counts {
  wandb_count: 6
  other_count: 1
}
pusher_stats {
  uploaded_bytes: 2019579
  total_bytes: 2339187
}

2022-03-21 09:55:07,140 INFO    Thread-230:4808 [wandb_run.py:_on_finish():1831] got exit ret: file_counts {
  wandb_count: 6
  other_count: 1
}
pusher_stats {
  uploaded_bytes: 2027771
  total_bytes: 2339187
}

2022-03-21 09:55:07,249 INFO    Thread-230:4808 [wandb_run.py:_on_finish():1831] got exit ret: file_counts {
  wandb_count: 6
  other_count: 1
}
pusher_stats {
  uploaded_bytes: 2035963
  total_bytes: 2339187
}

2022-03-21 09:55:07,357 INFO    Thread-230:4808 [wandb_run.py:_on_finish():1831] got exit ret: file_counts {
  wandb_count: 6
  other_count: 1
}
pusher_stats {
  uploaded_bytes: 2035963
  total_bytes: 2339187
}

2022-03-21 09:55:07,464 INFO    Thread-230:4808 [wandb_run.py:_on_finish():1831] got exit ret: file_counts {
  wandb_count: 6
  other_count: 1
}
pusher_stats {
  uploaded_bytes: 2044155
  total_bytes: 2339187
}

2022-03-21 09:55:07,572 INFO    Thread-230:4808 [wandb_run.py:_on_finish():1831] got exit ret: file_counts {
  wandb_count: 6
  other_count: 1
}
pusher_stats {
  uploaded_bytes: 2052347
  total_bytes: 2339187
}

2022-03-21 09:55:07,681 INFO    Thread-230:4808 [wandb_run.py:_on_finish():1831] got exit ret: file_counts {
  wandb_count: 6
  other_count: 1
}
pusher_stats {
  uploaded_bytes: 2060539
  total_bytes: 2339187
}

2022-03-21 09:55:07,790 INFO    Thread-230:4808 [wandb_run.py:_on_finish():1831] got exit ret: file_counts {
  wandb_count: 6
  other_count: 1
}
pusher_stats {
  uploaded_bytes: 2068731
  total_bytes: 2339187
}

2022-03-21 09:55:07,897 INFO    Thread-230:4808 [wandb_run.py:_on_finish():1831] got exit ret: file_counts {
  wandb_count: 6
  other_count: 1
}
pusher_stats {
  uploaded_bytes: 2076923
  total_bytes: 2339187
}

2022-03-21 09:55:08,003 INFO    Thread-230:4808 [wandb_run.py:_on_finish():1831] got exit ret: file_counts {
  wandb_count: 6
  other_count: 1
}
pusher_stats {
  uploaded_bytes: 2085115
  total_bytes: 2339187
}

2022-03-21 09:55:08,112 INFO    Thread-230:4808 [wandb_run.py:_on_finish():1831] got exit ret: file_counts {
  wandb_count: 6
  other_count: 1
}
pusher_stats {
  uploaded_bytes: 2093307
  total_bytes: 2339187
}

2022-03-21 09:55:08,221 INFO    Thread-230:4808 [wandb_run.py:_on_finish():1831] got exit ret: file_counts {
  wandb_count: 6
  other_count: 1
}
pusher_stats {
  uploaded_bytes: 2093307
  total_bytes: 2339187
}

2022-03-21 09:55:08,328 INFO    Thread-230:4808 [wandb_run.py:_on_finish():1831] got exit ret: file_counts {
  wandb_count: 6
  other_count: 1
}
pusher_stats {
  uploaded_bytes: 2101499
  total_bytes: 2339187
}

2022-03-21 09:55:08,437 INFO    Thread-230:4808 [wandb_run.py:_on_finish():1831] got exit ret: file_counts {
  wandb_count: 6
  other_count: 1
}
pusher_stats {
  uploaded_bytes: 2109691
  total_bytes: 2339187
}

2022-03-21 09:55:08,546 INFO    Thread-230:4808 [wandb_run.py:_on_finish():1831] got exit ret: file_counts {
  wandb_count: 6
  other_count: 1
}
pusher_stats {
  uploaded_bytes: 2117883
  total_bytes: 2339187
}

2022-03-21 09:55:08,654 INFO    Thread-230:4808 [wandb_run.py:_on_finish():1831] got exit ret: file_counts {
  wandb_count: 6
  other_count: 1
}
pusher_stats {
  uploaded_bytes: 2126075
  total_bytes: 2339187
}

2022-03-21 09:55:08,762 INFO    Thread-230:4808 [wandb_run.py:_on_finish():1831] got exit ret: file_counts {
  wandb_count: 6
  other_count: 1
}
pusher_stats {
  uploaded_bytes: 2134267
  total_bytes: 2339187
}

2022-03-21 09:55:08,871 INFO    Thread-230:4808 [wandb_run.py:_on_finish():1831] got exit ret: file_counts {
  wandb_count: 6
  other_count: 1
}
pusher_stats {
  uploaded_bytes: 2142459
  total_bytes: 2339187
}

2022-03-21 09:55:08,978 INFO    Thread-230:4808 [wandb_run.py:_on_finish():1831] got exit ret: file_counts {
  wandb_count: 6
  other_count: 1
}
pusher_stats {
  uploaded_bytes: 2150651
  total_bytes: 2339187
}

2022-03-21 09:55:09,087 INFO    Thread-230:4808 [wandb_run.py:_on_finish():1831] got exit ret: file_counts {
  wandb_count: 6
  other_count: 1
}
pusher_stats {
  uploaded_bytes: 2158843
  total_bytes: 2339187
}

2022-03-21 09:55:09,197 INFO    Thread-230:4808 [wandb_run.py:_on_finish():1831] got exit ret: file_counts {
  wandb_count: 6
  other_count: 1
}
pusher_stats {
  uploaded_bytes: 2167035
  total_bytes: 2339187
}

2022-03-21 09:55:09,305 INFO    Thread-230:4808 [wandb_run.py:_on_finish():1831] got exit ret: file_counts {
  wandb_count: 6
  other_count: 1
}
pusher_stats {
  uploaded_bytes: 2167035
  total_bytes: 2339187
}

2022-03-21 09:55:09,413 INFO    Thread-230:4808 [wandb_run.py:_on_finish():1831] got exit ret: file_counts {
  wandb_count: 6
  other_count: 1
}
pusher_stats {
  uploaded_bytes: 2167035
  total_bytes: 2339187
}

2022-03-21 09:55:09,520 INFO    Thread-230:4808 [wandb_run.py:_on_finish():1831] got exit ret: file_counts {
  wandb_count: 6
  other_count: 1
}
pusher_stats {
  uploaded_bytes: 2167035
  total_bytes: 2339187
}

2022-03-21 09:55:09,628 INFO    Thread-230:4808 [wandb_run.py:_on_finish():1831] got exit ret: file_counts {
  wandb_count: 6
  other_count: 1
}
pusher_stats {
  uploaded_bytes: 2167035
  total_bytes: 2339187
}

2022-03-21 09:55:09,735 INFO    Thread-230:4808 [wandb_run.py:_on_finish():1831] got exit ret: file_counts {
  wandb_count: 6
  other_count: 1
}
pusher_stats {
  uploaded_bytes: 2167035
  total_bytes: 2339187
}

2022-03-21 09:55:09,843 INFO    Thread-230:4808 [wandb_run.py:_on_finish():1831] got exit ret: file_counts {
  wandb_count: 6
  other_count: 1
}
pusher_stats {
  uploaded_bytes: 2167035
  total_bytes: 2339187
}

2022-03-21 09:55:09,952 INFO    Thread-230:4808 [wandb_run.py:_on_finish():1831] got exit ret: file_counts {
  wandb_count: 6
  other_count: 1
}
pusher_stats {
  uploaded_bytes: 2167035
  total_bytes: 2339187
}

2022-03-21 09:55:10,059 INFO    Thread-230:4808 [wandb_run.py:_on_finish():1831] got exit ret: file_counts {
  wandb_count: 6
  other_count: 1
}
pusher_stats {
  uploaded_bytes: 2175227
  total_bytes: 2339187
}

2022-03-21 09:55:10,167 INFO    Thread-230:4808 [wandb_run.py:_on_finish():1831] got exit ret: file_counts {
  wandb_count: 6
  other_count: 1
}
pusher_stats {
  uploaded_bytes: 2240763
  total_bytes: 2339187
}

2022-03-21 09:55:10,275 INFO    Thread-230:4808 [wandb_run.py:_on_finish():1831] got exit ret: file_counts {
  wandb_count: 6
  other_count: 1
}
pusher_stats {
  uploaded_bytes: 2248955
  total_bytes: 2339187
}

2022-03-21 09:55:10,384 INFO    Thread-230:4808 [wandb_run.py:_on_finish():1831] got exit ret: file_counts {
  wandb_count: 6
  other_count: 1
}
pusher_stats {
  uploaded_bytes: 2257147
  total_bytes: 2339187
}

2022-03-21 09:55:10,496 INFO    Thread-230:4808 [wandb_run.py:_on_finish():1831] got exit ret: file_counts {
  wandb_count: 6
  other_count: 1
}
pusher_stats {
  uploaded_bytes: 2265339
  total_bytes: 2339187
}

2022-03-21 09:55:10,604 INFO    Thread-230:4808 [wandb_run.py:_on_finish():1831] got exit ret: file_counts {
  wandb_count: 6
  other_count: 1
}
pusher_stats {
  uploaded_bytes: 2273531
  total_bytes: 2339187
}

2022-03-21 09:55:10,713 INFO    Thread-230:4808 [wandb_run.py:_on_finish():1831] got exit ret: file_counts {
  wandb_count: 6
  other_count: 1
}
pusher_stats {
  uploaded_bytes: 2273531
  total_bytes: 2339187
}

2022-03-21 09:55:10,821 INFO    Thread-230:4808 [wandb_run.py:_on_finish():1831] got exit ret: file_counts {
  wandb_count: 6
  other_count: 1
}
pusher_stats {
  uploaded_bytes: 2281723
  total_bytes: 2339187
}

2022-03-21 09:55:10,944 INFO    Thread-230:4808 [wandb_run.py:_on_finish():1831] got exit ret: file_counts {
  wandb_count: 6
  other_count: 1
}
pusher_stats {
  uploaded_bytes: 2289915
  total_bytes: 2339187
}

2022-03-21 09:55:11,051 INFO    Thread-230:4808 [wandb_run.py:_on_finish():1831] got exit ret: file_counts {
  wandb_count: 6
  other_count: 1
}
pusher_stats {
  uploaded_bytes: 2298107
  total_bytes: 2339187
}

2022-03-21 09:55:11,159 INFO    Thread-230:4808 [wandb_run.py:_on_finish():1831] got exit ret: file_counts {
  wandb_count: 6
  other_count: 1
}
pusher_stats {
  uploaded_bytes: 2306299
  total_bytes: 2339187
}

2022-03-21 09:55:11,266 INFO    Thread-230:4808 [wandb_run.py:_on_finish():1831] got exit ret: file_counts {
  wandb_count: 6
  other_count: 1
}
pusher_stats {
  uploaded_bytes: 2314491
  total_bytes: 2339187
}

2022-03-21 09:55:11,375 INFO    Thread-230:4808 [wandb_run.py:_on_finish():1831] got exit ret: file_counts {
  wandb_count: 6
  other_count: 1
}
pusher_stats {
  uploaded_bytes: 2322683
  total_bytes: 2339187
}

2022-03-21 09:55:11,482 INFO    Thread-230:4808 [wandb_run.py:_on_finish():1831] got exit ret: file_counts {
  wandb_count: 6
  other_count: 1
}
pusher_stats {
  uploaded_bytes: 2322683
  total_bytes: 2339187
}

2022-03-21 09:55:11,591 INFO    Thread-230:4808 [wandb_run.py:_on_finish():1831] got exit ret: file_counts {
  wandb_count: 6
  other_count: 1
}
pusher_stats {
  uploaded_bytes: 2330875
  total_bytes: 2339187
}

2022-03-21 09:55:11,697 INFO    Thread-230:4808 [wandb_run.py:_on_finish():1831] got exit ret: file_counts {
  wandb_count: 6
  other_count: 1
}
pusher_stats {
  uploaded_bytes: 2339067
  total_bytes: 2339187
}

2022-03-21 09:55:11,805 INFO    Thread-230:4808 [wandb_run.py:_on_finish():1831] got exit ret: file_counts {
  wandb_count: 6
  other_count: 1
}
pusher_stats {
  uploaded_bytes: 2339067
  total_bytes: 2339187
}

2022-03-21 09:55:11,911 INFO    Thread-230:4808 [wandb_run.py:_on_finish():1831] got exit ret: file_counts {
  wandb_count: 6
  other_count: 1
}
pusher_stats {
  uploaded_bytes: 2339187
  total_bytes: 2339187
}

2022-03-21 09:55:12,019 INFO    Thread-230:4808 [wandb_run.py:_on_finish():1831] got exit ret: file_counts {
  wandb_count: 6
  other_count: 1
}
pusher_stats {
  uploaded_bytes: 2339187
  total_bytes: 2339187
}

2022-03-21 09:55:12,127 INFO    Thread-230:4808 [wandb_run.py:_on_finish():1831] got exit ret: file_counts {
  wandb_count: 6
  other_count: 1
}
pusher_stats {
  uploaded_bytes: 2339187
  total_bytes: 2339187
}

2022-03-21 09:55:12,235 INFO    Thread-230:4808 [wandb_run.py:_on_finish():1831] got exit ret: file_counts {
  wandb_count: 6
  other_count: 1
}
pusher_stats {
  uploaded_bytes: 2339187
  total_bytes: 2339187
}

2022-03-21 09:55:12,343 INFO    Thread-230:4808 [wandb_run.py:_on_finish():1831] got exit ret: file_counts {
  wandb_count: 6
  other_count: 1
}
pusher_stats {
  uploaded_bytes: 2339187
  total_bytes: 2339187
}

2022-03-21 09:55:12,452 INFO    Thread-230:4808 [wandb_run.py:_on_finish():1831] got exit ret: file_counts {
  wandb_count: 6
  other_count: 1
}
pusher_stats {
  uploaded_bytes: 2339187
  total_bytes: 2339187
}

2022-03-21 09:55:12,561 INFO    Thread-230:4808 [wandb_run.py:_on_finish():1831] got exit ret: file_counts {
  wandb_count: 6
  other_count: 1
}
pusher_stats {
  uploaded_bytes: 2339187
  total_bytes: 2339187
}

2022-03-21 09:55:12,668 INFO    Thread-230:4808 [wandb_run.py:_on_finish():1831] got exit ret: file_counts {
  wandb_count: 6
  other_count: 1
}
pusher_stats {
  uploaded_bytes: 2339187
  total_bytes: 2339187
}

2022-03-21 09:55:12,778 INFO    Thread-230:4808 [wandb_run.py:_on_finish():1831] got exit ret: file_counts {
  wandb_count: 6
  other_count: 1
}
pusher_stats {
  uploaded_bytes: 2339187
  total_bytes: 2339187
}

2022-03-21 09:55:12,886 INFO    Thread-230:4808 [wandb_run.py:_on_finish():1831] got exit ret: file_counts {
  wandb_count: 6
  other_count: 1
}
pusher_stats {
  uploaded_bytes: 2339187
  total_bytes: 2339187
}

2022-03-21 09:55:12,995 INFO    Thread-230:4808 [wandb_run.py:_on_finish():1831] got exit ret: file_counts {
  wandb_count: 6
  other_count: 1
}
pusher_stats {
  uploaded_bytes: 2339187
  total_bytes: 2339187
}

2022-03-21 09:55:13,101 INFO    Thread-230:4808 [wandb_run.py:_on_finish():1831] got exit ret: file_counts {
  wandb_count: 6
  other_count: 1
}
pusher_stats {
  uploaded_bytes: 2339187
  total_bytes: 2339187
}

2022-03-21 09:55:13,207 INFO    Thread-230:4808 [wandb_run.py:_on_finish():1831] got exit ret: file_counts {
  wandb_count: 6
  other_count: 1
}
pusher_stats {
  uploaded_bytes: 2339187
  total_bytes: 2339187
}

2022-03-21 09:55:13,339 INFO    Thread-230:4808 [wandb_run.py:_on_finish():1831] got exit ret: file_counts {
  wandb_count: 6
  other_count: 1
}
pusher_stats {
  uploaded_bytes: 2339187
  total_bytes: 2339187
}

2022-03-21 09:55:13,466 INFO    Thread-230:4808 [wandb_run.py:_on_finish():1831] got exit ret: file_counts {
  wandb_count: 6
  other_count: 1
}
pusher_stats {
  uploaded_bytes: 2339187
  total_bytes: 2339187
}

2022-03-21 09:55:13,579 INFO    Thread-230:4808 [wandb_run.py:_on_finish():1831] got exit ret: file_counts {
  wandb_count: 6
  other_count: 1
}
pusher_stats {
  uploaded_bytes: 2339187
  total_bytes: 2339187
}

2022-03-21 09:55:13,687 INFO    Thread-230:4808 [wandb_run.py:_on_finish():1831] got exit ret: file_counts {
  wandb_count: 6
  other_count: 1
}
pusher_stats {
  uploaded_bytes: 2339187
  total_bytes: 2339187
}

2022-03-21 09:55:13,793 INFO    Thread-230:4808 [wandb_run.py:_on_finish():1831] got exit ret: file_counts {
  wandb_count: 6
  other_count: 1
}
pusher_stats {
  uploaded_bytes: 2339187
  total_bytes: 2339187
}

2022-03-21 09:55:13,900 INFO    Thread-230:4808 [wandb_run.py:_on_finish():1831] got exit ret: file_counts {
  wandb_count: 6
  other_count: 1
}
pusher_stats {
  uploaded_bytes: 2339187
  total_bytes: 2339187
}

2022-03-21 09:55:14,007 INFO    Thread-230:4808 [wandb_run.py:_on_finish():1831] got exit ret: file_counts {
  wandb_count: 6
  other_count: 1
}
pusher_stats {
  uploaded_bytes: 2339187
  total_bytes: 2339187
}

2022-03-21 09:55:14,116 INFO    Thread-230:4808 [wandb_run.py:_on_finish():1831] got exit ret: file_counts {
  wandb_count: 6
  other_count: 1
}
pusher_stats {
  uploaded_bytes: 2339187
  total_bytes: 2339187
}

2022-03-21 09:55:14,221 INFO    Thread-230:4808 [wandb_run.py:_on_finish():1831] got exit ret: file_counts {
  wandb_count: 6
  other_count: 1
}
pusher_stats {
  uploaded_bytes: 2339187
  total_bytes: 2339187
}

2022-03-21 09:55:14,327 INFO    Thread-230:4808 [wandb_run.py:_on_finish():1831] got exit ret: file_counts {
  wandb_count: 6
  other_count: 1
}
pusher_stats {
  uploaded_bytes: 2339187
  total_bytes: 2339187
}

2022-03-21 09:55:14,435 INFO    Thread-230:4808 [wandb_run.py:_on_finish():1831] got exit ret: file_counts {
  wandb_count: 6
  other_count: 1
}
pusher_stats {
  uploaded_bytes: 2339187
  total_bytes: 2339187
}

2022-03-21 09:55:14,542 INFO    Thread-230:4808 [wandb_run.py:_on_finish():1831] got exit ret: file_counts {
  wandb_count: 6
  other_count: 1
}
pusher_stats {
  uploaded_bytes: 2339187
  total_bytes: 2339187
}

2022-03-21 09:55:15,307 INFO    Thread-230:4808 [wandb_run.py:_on_finish():1831] got exit ret: file_counts {
  wandb_count: 6
  other_count: 1
}
pusher_stats {
  uploaded_bytes: 2339187
  total_bytes: 2339187
}

2022-03-21 09:55:16,529 INFO    Thread-230:4808 [wandb_run.py:_on_finish():1831] got exit ret: done: true
exit_result {
}
file_counts {
  wandb_count: 6
  other_count: 1
}
pusher_stats {
  uploaded_bytes: 2339187
  total_bytes: 2339187
}
local_info {
}

2022-03-21 09:55:18,169 INFO    Thread-230:4808 [wandb_run.py:_footer_history_summary_info():2865] rendering history
2022-03-21 09:55:18,170 INFO    Thread-230:4808 [wandb_run.py:_footer_history_summary_info():2894] rendering summary
2022-03-21 09:55:18,178 INFO    Thread-230:4808 [wandb_run.py:_footer_sync_info():2822] logging synced files
